{
  "RSpec": {
    "coverage": {
      "/home/benny/omniauth-entra_id_jwt/lib/omniauth/entra_id_jwt.rb": {
        "lines": [
          1,
          1
        ]
      },
      "/home/benny/omniauth-entra_id_jwt/lib/omniauth/strategies/entra_id_jwt.rb": {
        "lines": [
          null,
          null,
          1,
          null,
          1,
          1,
          1,
          1,
          null,
          1,
          1,
          null,
          1,
          1,
          null,
          null,
          null,
          null,
          1,
          null,
          1,
          63,
          63,
          null,
          63,
          1,
          null,
          null,
          62,
          null,
          62,
          62,
          null,
          62,
          62,
          1,
          61,
          29,
          null,
          32,
          null,
          62,
          null,
          62,
          null,
          62,
          62,
          null,
          null,
          null,
          62,
          29,
          null,
          33,
          null,
          null,
          null,
          null,
          62,
          29,
          null,
          33,
          null,
          null,
          62,
          null,
          null,
          1,
          44,
          null,
          null,
          null,
          null,
          1,
          null,
          52,
          null,
          null,
          null,
          null,
          null,
          null,
          null,
          null,
          null,
          null,
          null,
          null,
          1,
          null,
          62,
          null,
          null,
          null,
          null,
          null,
          null,
          1,
          1,
          null,
          null,
          1,
          470,
          470,
          null,
          null,
          1,
          44,
          44,
          null,
          null,
          1,
          null,
          1,
          33,
          null,
          null,
          1,
          33,
          null,
          null,
          null,
          null,
          1,
          44,
          43,
          null,
          null,
          null,
          43,
          null,
          42,
          null,
          null,
          null,
          null,
          null,
          1
        ]
      }
    },
    "timestamp": 1750382784
  }
}
